# JRE version: OpenJDK Runtime Environment (8.0_412-b08) (build 1.8.0_412-b08)
# Java VM: OpenJDK 64-Bit Server VM (25.412-b08 mixed mode windows-amd64 compressed oops)
Heap:
 PSYoungGen      total 264192K, used 47710K [0x00000000d6600000, 0x00000000e8700000, 0x0000000100000000)
  eden space 242688K, 19% used [0x00000000d6600000,0x00000000d94979d8,0x00000000e5300000)
  from space 21504K, 0% used [0x00000000e6b80000,0x00000000e6b80000,0x00000000e8080000)
  to   space 25088K, 0% used [0x00000000e5300000,0x00000000e5300000,0x00000000e6b80000)
 ParOldGen       total 288768K, used 202696K [0x0000000083200000, 0x0000000094c00000, 0x00000000d6600000)
  object space 288768K, 70% used [0x0000000083200000,0x000000008f7f20d8,0x0000000094c00000)
 Metaspace       used 36748K, capacity 38028K, committed 38272K, reserved 1083392K
  class space    used 4368K, capacity 4651K, committed 4736K, reserved 1048576K
GC Heap History (10 events):
Event: 14.526 GC heap before
{Heap before GC invocations=12 (full 2):
 PSYoungGen      total 215040K, used 195542K [0x00000000d6600000, 0x00000000e8080000, 0x0000000100000000)
  eden space 193536K, 100% used [0x00000000d6600000,0x00000000e2300000,0x00000000e2300000)
  from space 21504K, 9% used [0x00000000e2300000,0x00000000e24f5b18,0x00000000e3800000)
  to   space 21504K, 0% used [0x00000000e6b80000,0x00000000e6b80000,0x00000000e8080000)
 ParOldGen       total 117248K, used 36205K [0x0000000083200000, 0x000000008a480000, 0x00000000d6600000)
  object space 117248K, 30% used [0x0000000083200000,0x000000008555b418,0x000000008a480000)
 Metaspace       used 36474K, capacity 37726K, committed 38016K, reserved 1083392K
  class space    used 4347K, capacity 4642K, committed 4736K, reserved 1048576K
Event: 14.561 GC heap after
Heap after GC invocations=12 (full 2):
 PSYoungGen      total 264192K, used 21472K [0x00000000d6600000, 0x00000000e8700000, 0x0000000100000000)
  eden space 242688K, 0% used [0x00000000d6600000,0x00000000d6600000,0x00000000e5300000)
  from space 21504K, 99% used [0x00000000e6b80000,0x00000000e8078030,0x00000000e8080000)
  to   space 25088K, 0% used [0x00000000e5300000,0x00000000e5300000,0x00000000e6b80000)
 ParOldGen       total 117248K, used 37008K [0x0000000083200000, 0x000000008a480000, 0x00000000d6600000)
  object space 117248K, 31% used [0x0000000083200000,0x0000000085624208,0x000000008a480000)
 Metaspace       used 36474K, capacity 37726K, committed 38016K, reserved 1083392K
  class space    used 4347K, capacity 4642K, committed 4736K, reserved 1048576K
}
Event: 18.412 GC heap before
{Heap before GC invocations=13 (full 2):
 PSYoungGen      total 264192K, used 264160K [0x00000000d6600000, 0x00000000e8700000, 0x0000000100000000)
  eden space 242688K, 100% used [0x00000000d6600000,0x00000000e5300000,0x00000000e5300000)
  from space 21504K, 99% used [0x00000000e6b80000,0x00000000e8078030,0x00000000e8080000)
  to   space 25088K, 0% used [0x00000000e5300000,0x00000000e5300000,0x00000000e6b80000)
 ParOldGen       total 117248K, used 37008K [0x0000000083200000, 0x000000008a480000, 0x00000000d6600000)
  object space 117248K, 31% used [0x0000000083200000,0x0000000085624208,0x000000008a480000)
 Metaspace       used 36660K, capacity 37900K, committed 38016K, reserved 1083392K
  class space    used 4366K, capacity 4651K, committed 4736K, reserved 1048576K
Event: 18.490 GC heap after
Heap after GC invocations=13 (full 2):
 PSYoungGen      total 267776K, used 25086K [0x00000000d6600000, 0x00000000e8700000, 0x0000000100000000)
  eden space 242688K, 0% used [0x00000000d6600000,0x00000000d6600000,0x00000000e5300000)
  from space 25088K, 99% used [0x00000000e5300000,0x00000000e6b7f8f0,0x00000000e6b80000)
  to   space 21504K, 0% used [0x00000000e6b80000,0x00000000e6b80000,0x00000000e8080000)
 ParOldGen       total 144384K, used 144003K [0x0000000083200000, 0x000000008bf00000, 0x00000000d6600000)
  object space 144384K, 99% used [0x0000000083200000,0x000000008bea0f58,0x000000008bf00000)
 Metaspace       used 36660K, capacity 37900K, committed 38016K, reserved 1083392K
  class space    used 4366K, capacity 4651K, committed 4736K, reserved 1048576K
}
Event: 18.490 GC heap before
{Heap before GC invocations=14 (full 3):
 PSYoungGen      total 267776K, used 25086K [0x00000000d6600000, 0x00000000e8700000, 0x0000000100000000)
  eden space 242688K, 0% used [0x00000000d6600000,0x00000000d6600000,0x00000000e5300000)
  from space 25088K, 99% used [0x00000000e5300000,0x00000000e6b7f8f0,0x00000000e6b80000)
  to   space 21504K, 0% used [0x00000000e6b80000,0x00000000e6b80000,0x00000000e8080000)
 ParOldGen       total 144384K, used 144003K [0x0000000083200000, 0x000000008bf00000, 0x00000000d6600000)
  object space 144384K, 99% used [0x0000000083200000,0x000000008bea0f58,0x000000008bf00000)
 Metaspace       used 36660K, capacity 37900K, committed 38016K, reserved 1083392K
  class space    used 4366K, capacity 4651K, committed 4736K, reserved 1048576K
Event: 18.785 GC heap after
Heap after GC invocations=14 (full 3):
 PSYoungGen      total 267776K, used 6114K [0x00000000d6600000, 0x00000000e8700000, 0x0000000100000000)
  eden space 242688K, 0% used [0x00000000d6600000,0x00000000d6600000,0x00000000e5300000)
  from space 25088K, 24% used [0x00000000e5300000,0x00000000e58f8a80,0x00000000e6b80000)
  to   space 21504K, 0% used [0x00000000e6b80000,0x00000000e6b80000,0x00000000e8080000)
 ParOldGen       total 288768K, used 144117K [0x0000000083200000, 0x0000000094c00000, 0x00000000d6600000)
  object space 288768K, 49% used [0x0000000083200000,0x000000008bebd4a0,0x0000000094c00000)
 Metaspace       used 36660K, capacity 37900K, committed 38016K, reserved 1083392K
  class space    used 4366K, capacity 4651K, committed 4736K, reserved 1048576K
}
Event: 22.346 GC heap before
{Heap before GC invocations=15 (full 3):
 PSYoungGen      total 267776K, used 248802K [0x00000000d6600000, 0x00000000e8700000, 0x0000000100000000)
  eden space 242688K, 100% used [0x00000000d6600000,0x00000000e5300000,0x00000000e5300000)
  from space 25088K, 24% used [0x00000000e5300000,0x00000000e58f8a80,0x00000000e6b80000)
  to   space 21504K, 0% used [0x00000000e6b80000,0x00000000e6b80000,0x00000000e8080000)
 ParOldGen       total 288768K, used 144117K [0x0000000083200000, 0x0000000094c00000, 0x00000000d6600000)
  object space 288768K, 49% used [0x0000000083200000,0x000000008bebd4a0,0x0000000094c00000)
 Metaspace       used 36669K, capacity 37900K, committed 38016K, reserved 1083392K
  class space    used 4366K, capacity 4651K, committed 4736K, reserved 1048576K
Event: 22.716 GC heap after
Heap after GC invocations=15 (full 3):
 PSYoungGen      total 264192K, used 21472K [0x00000000d6600000, 0x00000000e8700000, 0x0000000100000000)
  eden space 242688K, 0% used [0x00000000d6600000,0x00000000d6600000,0x00000000e5300000)
  from space 21504K, 99% used [0x00000000e6b80000,0x00000000e8078040,0x00000000e8080000)
  to   space 25088K, 0% used [0x00000000e5300000,0x00000000e5300000,0x00000000e6b80000)
 ParOldGen       total 288768K, used 240042K [0x0000000083200000, 0x0000000094c00000, 0x00000000d6600000)
  object space 288768K, 83% used [0x0000000083200000,0x0000000091c6aa58,0x0000000094c00000)
 Metaspace       used 36669K, capacity 37900K, committed 38016K, reserved 1083392K
  class space    used 4366K, capacity 4651K, committed 4736K, reserved 1048576K
}
Event: 22.716 GC heap before
{Heap before GC invocations=16 (full 4):
 PSYoungGen      total 264192K, used 21472K [0x00000000d6600000, 0x00000000e8700000, 0x0000000100000000)
  eden space 242688K, 0% used [0x00000000d6600000,0x00000000d6600000,0x00000000e5300000)
  from space 21504K, 99% used [0x00000000e6b80000,0x00000000e8078040,0x00000000e8080000)
  to   space 25088K, 0% used [0x00000000e5300000,0x00000000e5300000,0x00000000e6b80000)
 ParOldGen       total 288768K, used 240042K [0x0000000083200000, 0x0000000094c00000, 0x00000000d6600000)
  object space 288768K, 83% used [0x0000000083200000,0x0000000091c6aa58,0x0000000094c00000)
 Metaspace       used 36669K, capacity 37900K, committed 38016K, reserved 1083392K
  class space    used 4366K, capacity 4651K, committed 4736K, reserved 1048576K
Event: 22.902 GC heap after
Heap after GC invocations=16 (full 4):
 PSYoungGen      total 264192K, used 0K [0x00000000d6600000, 0x00000000e8700000, 0x0000000100000000)
  eden space 242688K, 0% used [0x00000000d6600000,0x00000000d6600000,0x00000000e5300000)
  from space 21504K, 0% used [0x00000000e6b80000,0x00000000e6b80000,0x00000000e8080000)
  to   space 25088K, 0% used [0x00000000e5300000,0x00000000e5300000,0x00000000e6b80000)
 ParOldGen       total 288768K, used 202696K [0x0000000083200000, 0x0000000094c00000, 0x00000000d6600000)
  object space 288768K, 70% used [0x0000000083200000,0x000000008f7f20d8,0x0000000094c00000)
 Metaspace       used 36669K, capacity 37900K, committed 38016K, reserved 1083392K
  class space    used 4366K, capacity 4651K, committed 4736K, reserved 1048576K
}

