# JRE version: OpenJDK Runtime Environment (8.0_412-b08) (build 1.8.0_412-b08)
# Java VM: OpenJDK 64-Bit Server VM (25.412-b08 mixed mode windows-amd64 compressed oops)
Heap:
 PSYoungGen      total 299520K, used 244392K [0x00000000d6600000, 0x00000000f2800000, 0x0000000100000000)
  eden space 276992K, 88% used [0x00000000d6600000,0x00000000e54aa008,0x00000000e7480000)
  from space 22528K, 0% used [0x00000000e7480000,0x00000000e7480000,0x00000000e8a80000)
  to   space 34816K, 0% used [0x00000000f0600000,0x00000000f0600000,0x00000000f2800000)
 ParOldGen       total 144896K, used 144805K [0x0000000083200000, 0x000000008bf80000, 0x00000000d6600000)
  object space 144896K, 99% used [0x0000000083200000,0x000000008bf69718,0x000000008bf80000)
 Metaspace       used 36815K, capacity 38032K, committed 38272K, reserved 1083392K
  class space    used 4370K, capacity 4651K, committed 4736K, reserved 1048576K
GC Heap History (10 events):
Event: 8.798 GC heap before
{Heap before GC invocations=11 (full 2):
 PSYoungGen      total 214016K, used 17027K [0x00000000d6600000, 0x00000000ea100000, 0x0000000100000000)
  eden space 193536K, 0% used [0x00000000d6600000,0x00000000d6600000,0x00000000e2300000)
  from space 20480K, 83% used [0x00000000e2300000,0x00000000e33a0cc8,0x00000000e3700000)
  to   space 22016K, 0% used [0x00000000e8b80000,0x00000000e8b80000,0x00000000ea100000)
 ParOldGen       total 64512K, used 23667K [0x0000000083200000, 0x0000000087100000, 0x00000000d6600000)
  object space 64512K, 36% used [0x0000000083200000,0x000000008491ce28,0x0000000087100000)
 Metaspace       used 34246K, capacity 35386K, committed 35456K, reserved 1081344K
  class space    used 4141K, capacity 4430K, committed 4480K, reserved 1048576K
Event: 8.889 GC heap after
Heap after GC invocations=11 (full 2):
 PSYoungGen      total 214016K, used 0K [0x00000000d6600000, 0x00000000ea100000, 0x0000000100000000)
  eden space 193536K, 0% used [0x00000000d6600000,0x00000000d6600000,0x00000000e2300000)
  from space 20480K, 0% used [0x00000000e2300000,0x00000000e2300000,0x00000000e3700000)
  to   space 22016K, 0% used [0x00000000e8b80000,0x00000000e8b80000,0x00000000ea100000)
 ParOldGen       total 100864K, used 33062K [0x0000000083200000, 0x0000000089480000, 0x00000000d6600000)
  object space 100864K, 32% used [0x0000000083200000,0x0000000085249a88,0x0000000089480000)
 Metaspace       used 34246K, capacity 35386K, committed 35456K, reserved 1081344K
  class space    used 4141K, capacity 4430K, committed 4480K, reserved 1048576K
}
Event: 10.090 GC heap before
{Heap before GC invocations=12 (full 2):
 PSYoungGen      total 214016K, used 193536K [0x00000000d6600000, 0x00000000ea100000, 0x0000000100000000)
  eden space 193536K, 100% used [0x00000000d6600000,0x00000000e2300000,0x00000000e2300000)
  from space 20480K, 0% used [0x00000000e2300000,0x00000000e2300000,0x00000000e3700000)
  to   space 22016K, 0% used [0x00000000e8b80000,0x00000000e8b80000,0x00000000ea100000)
 ParOldGen       total 100864K, used 33062K [0x0000000083200000, 0x0000000089480000, 0x00000000d6600000)
  object space 100864K, 32% used [0x0000000083200000,0x0000000085249a88,0x0000000089480000)
 Metaspace       used 35986K, capacity 37218K, committed 37376K, reserved 1081344K
  class space    used 4316K, capacity 4606K, committed 4608K, reserved 1048576K
Event: 10.093 GC heap after
Heap after GC invocations=12 (full 2):
 PSYoungGen      total 298496K, used 2189K [0x00000000d6600000, 0x00000000ea080000, 0x0000000100000000)
  eden space 276992K, 0% used [0x00000000d6600000,0x00000000d6600000,0x00000000e7480000)
  from space 21504K, 10% used [0x00000000e8b80000,0x00000000e8da34b8,0x00000000ea080000)
  to   space 22528K, 0% used [0x00000000e7480000,0x00000000e7480000,0x00000000e8a80000)
 ParOldGen       total 100864K, used 33070K [0x0000000083200000, 0x0000000089480000, 0x00000000d6600000)
  object space 100864K, 32% used [0x0000000083200000,0x000000008524ba88,0x0000000089480000)
 Metaspace       used 35986K, capacity 37218K, committed 37376K, reserved 1081344K
  class space    used 4316K, capacity 4606K, committed 4608K, reserved 1048576K
}
Event: 11.523 GC heap before
{Heap before GC invocations=13 (full 2):
 PSYoungGen      total 298496K, used 276355K [0x00000000d6600000, 0x00000000ea080000, 0x0000000100000000)
  eden space 276992K, 98% used [0x00000000d6600000,0x00000000e71bd8d0,0x00000000e7480000)
  from space 21504K, 10% used [0x00000000e8b80000,0x00000000e8da34b8,0x00000000ea080000)
  to   space 22528K, 0% used [0x00000000e7480000,0x00000000e7480000,0x00000000e8a80000)
 ParOldGen       total 100864K, used 33070K [0x0000000083200000, 0x0000000089480000, 0x00000000d6600000)
  object space 100864K, 32% used [0x0000000083200000,0x000000008524ba88,0x0000000089480000)
 Metaspace       used 36708K, capacity 37900K, committed 38016K, reserved 1083392K
  class space    used 4368K, capacity 4651K, committed 4736K, reserved 1048576K
Event: 11.551 GC heap after
Heap after GC invocations=13 (full 2):
 PSYoungGen      total 299520K, used 22524K [0x00000000d6600000, 0x00000000f2800000, 0x0000000100000000)
  eden space 276992K, 0% used [0x00000000d6600000,0x00000000d6600000,0x00000000e7480000)
  from space 22528K, 99% used [0x00000000e7480000,0x00000000e8a7f170,0x00000000e8a80000)
  to   space 34816K, 0% used [0x00000000f0600000,0x00000000f0600000,0x00000000f2800000)
 ParOldGen       total 100864K, used 57064K [0x0000000083200000, 0x0000000089480000, 0x00000000d6600000)
  object space 100864K, 56% used [0x0000000083200000,0x00000000869ba078,0x0000000089480000)
 Metaspace       used 36708K, capacity 37900K, committed 38016K, reserved 1083392K
  class space    used 4368K, capacity 4651K, committed 4736K, reserved 1048576K
}
Event: 15.231 GC heap before
{Heap before GC invocations=14 (full 2):
 PSYoungGen      total 299520K, used 299516K [0x00000000d6600000, 0x00000000f2800000, 0x0000000100000000)
  eden space 276992K, 100% used [0x00000000d6600000,0x00000000e7480000,0x00000000e7480000)
  from space 22528K, 99% used [0x00000000e7480000,0x00000000e8a7f170,0x00000000e8a80000)
  to   space 34816K, 0% used [0x00000000f0600000,0x00000000f0600000,0x00000000f2800000)
 ParOldGen       total 100864K, used 57064K [0x0000000083200000, 0x0000000089480000, 0x00000000d6600000)
  object space 100864K, 56% used [0x0000000083200000,0x00000000869ba078,0x0000000089480000)
 Metaspace       used 36727K, capacity 37968K, committed 38272K, reserved 1083392K
  class space    used 4368K, capacity 4651K, committed 4736K, reserved 1048576K
Event: 15.340 GC heap after
Heap after GC invocations=14 (full 2):
 PSYoungGen      total 299520K, used 299516K [0x00000000d6600000, 0x00000000f2800000, 0x0000000100000000)
  eden space 276992K, 100% used [0x00000000d6600000,0x00000000e7480000,0x00000000e7480000)
  from space 22528K, 99% used [0x00000000e7480000,0x00000000e8a7f170,0x00000000e8a80000)
  to   space 34816K, 99% used [0x00000000f0600000,0x00000000f27fa210,0x00000000f2800000)
 ParOldGen       total 144896K, used 144890K [0x0000000083200000, 0x000000008bf80000, 0x00000000d6600000)
  object space 144896K, 99% used [0x0000000083200000,0x000000008bf7e9b8,0x000000008bf80000)
 Metaspace       used 36727K, capacity 37968K, committed 38272K, reserved 1083392K
  class space    used 4368K, capacity 4651K, committed 4736K, reserved 1048576K
}
Event: 15.340 GC heap before
{Heap before GC invocations=15 (full 3):
 PSYoungGen      total 299520K, used 299516K [0x00000000d6600000, 0x00000000f2800000, 0x0000000100000000)
  eden space 276992K, 100% used [0x00000000d6600000,0x00000000e7480000,0x00000000e7480000)
  from space 22528K, 99% used [0x00000000e7480000,0x00000000e8a7f170,0x00000000e8a80000)
  to   space 34816K, 99% used [0x00000000f0600000,0x00000000f27fa210,0x00000000f2800000)
 ParOldGen       total 144896K, used 144890K [0x0000000083200000, 0x000000008bf80000, 0x00000000d6600000)
  object space 144896K, 99% used [0x0000000083200000,0x000000008bf7e9b8,0x000000008bf80000)
 Metaspace       used 36727K, capacity 37968K, committed 38272K, reserved 1083392K
  class space    used 4368K, capacity 4651K, committed 4736K, reserved 1048576K
Event: 15.571 GC heap after
Heap after GC invocations=15 (full 3):
 PSYoungGen      total 299520K, used 41085K [0x00000000d6600000, 0x00000000f2800000, 0x0000000100000000)
  eden space 276992K, 14% used [0x00000000d6600000,0x00000000d8e1f688,0x00000000e7480000)
  from space 22528K, 0% used [0x00000000e7480000,0x00000000e7480000,0x00000000e8a80000)
  to   space 34816K, 0% used [0x00000000f0600000,0x00000000f0600000,0x00000000f2800000)
 ParOldGen       total 144896K, used 144805K [0x0000000083200000, 0x000000008bf80000, 0x00000000d6600000)
  object space 144896K, 99% used [0x0000000083200000,0x000000008bf69718,0x000000008bf80000)
 Metaspace       used 36727K, capacity 37968K, committed 38272K, reserved 1083392K
  class space    used 4368K, capacity 4651K, committed 4736K, reserved 1048576K
}

